<?xml version="1.0" encoding="UTF-8"?>
<!-- Generated by org.testng.reporters.JUnitReportReporter -->
<testsuite hostname="DESKTOP-J7DL8HD" failures="0" tests="7" name="useClasses.TestIncludeExcludeAndGroups" time="0.147" errors="0" timestamp="2022-06-09T07:28:09 IST" skipped="0">
  <testcase classname="useClasses.TestIncludeExcludeAndGroups" name="C" time="0.006"/>
  <system-out>
    <![CDATA[TestIncludeExcludeAndGroups:C Method is called]]>
  </system-out>
  <testcase classname="useClasses.TestIncludeExcludeAndGroups" name="B" time="0.084"/>
  <system-out>
    <![CDATA[TestIncludeExcludeAndGroups :B Method is called]]>
  </system-out>
  <testcase classname="useClasses.TestIncludeExcludeAndGroups" name="D" time="0.005"/>
  <system-out>
    <![CDATA[TestIncludeExcludeAndGroups:D Method is called]]>
  </system-out>
  <testcase classname="useClasses.TestIncludeExcludeAndGroups" name="E" time="0.007"/>
  <system-out>
    <![CDATA[TestIncludeExcludeAndGroups: E Method is called]]>
  </system-out>
  <testcase classname="useClasses.TestIncludeExcludeAndGroups" name="A" time="0.023"/>
  <system-out>
    <![CDATA[ TestIncludeExcludeAndGroups:A Method is called]]>
  </system-out>
  <testcase classname="useClasses.TestIncludeExcludeAndGroups" name="A" time="0.009"/>
  <system-out>
    <![CDATA[ TestIncludeExcludeAndGroups:A Method is called]]>
  </system-out>
  <testcase classname="useClasses.TestIncludeExcludeAndGroups" name="A" time="0.013"/>
  <system-out>
    <![CDATA[ TestIncludeExcludeAndGroups:A Method is called]]>
  </system-out>
</testsuite> <!-- useClasses.TestIncludeExcludeAndGroups -->
