<?xml version="1.0" encoding="UTF-8"?>
<!-- Generated by org.testng.reporters.JUnitReportReporter -->
<testsuite hostname="DESKTOP-J7DL8HD" failures="0" tests="1" name="useClasses.Test_IsCartEmpty" time="125.418" errors="0" timestamp="2022-06-01T12:53:12 IST" skipped="0">
  <testcase classname="useClasses.Test_IsCartEmpty" name="viewCart" time="125.418"/>
  <system-out>
    <![CDATA[Test_IsCartEmpty : Total Amount
â‚¹17,528]]>
  </system-out>
</testsuite> <!-- useClasses.Test_IsCartEmpty -->
