<?xml version="1.0" encoding="UTF-8"?>
<!-- Generated by org.testng.reporters.JUnitReportReporter -->
<testsuite hostname="DESKTOP-J7DL8HD" failures="0" tests="1" name="useClasses.Test_CheckLogin" time="8.643" errors="0" timestamp="2022-06-09T11:55:06 IST" skipped="0">
  <testcase classname="useClasses.Test_CheckLogin" name="checkProfile" time="8.643"/>
  <system-out>
    <![CDATA[Test_CheckLogin :Profile is Loaded.]]>
  </system-out>
</testsuite> <!-- useClasses.Test_CheckLogin -->
