<?xml version="1.0" encoding="UTF-8"?>
<!-- Generated by org.testng.reporters.JUnitReportReporter -->
<testsuite hostname="DESKTOP-J7DL8HD" failures="0" tests="5" name="useClasses.Test_CheckLogin" time="40.489" errors="0" timestamp="2022-06-10T17:03:23 IST" skipped="0">
  <testcase classname="useClasses.Test_CheckLogin" name="checkProfile" time="10.911"/>
  <system-out>
    <![CDATA[Test_CheckLogin :Login is complete
Test_CheckLogin :Profile is Loaded.]]>
  </system-out>
  <testcase classname="useClasses.Test_CheckLogin" name="checkProfile" time="13.182"/>
  <system-out>
    <![CDATA[Test_CheckLogin :Login is complete
Test_CheckLogin :Profile is Loaded.]]>
  </system-out>
  <testcase classname="useClasses.Test_CheckLogin" name="checkProfile" time="6.227"/>
  <system-out>
    <![CDATA[Test_CheckLogin :Login is complete
Test_CheckLogin :Profile is Loaded.]]>
  </system-out>
  <testcase classname="useClasses.Test_CheckLogin" name="checkProfile" time="4.541"/>
  <system-out>
    <![CDATA[Test_CheckLogin :Login is complete
Test_CheckLogin :Profile is Loaded.]]>
  </system-out>
  <testcase classname="useClasses.Test_CheckLogin" name="checkProfile" time="5.628"/>
  <system-out>
    <![CDATA[Test_CheckLogin :Login is complete
Test_CheckLogin :Profile is Loaded.]]>
  </system-out>
</testsuite> <!-- useClasses.Test_CheckLogin -->
